<?xml version="1.0" encoding="UTF-8"?>
<!-- Generated by org.testng.reporters.JUnitReportReporter -->
<testsuite hostname="AV-B7YSDB3" failures="0" tests="1" name="tests.Loanmenutest" time="10.639" errors="0" timestamp="2023-05-08T00:31:02 IST" skipped="0">
  <testcase classname="tests.Loanmenutest" name="Loanmenu" time="10.639"/>
  <system-out/>
</testsuite> <!-- tests.Loanmenutest -->
